C:\code\lang\Rust\proj\blogr (master)
λ cargo run
    Finished dev [unoptimized + debuginfo] target(s) in 0.0 secs
     Running `target\debug\blogr.exe`
🔧  Configured for development.
    => address: localhost
    => port: 8000
    => log: debug
    => workers: 8
    => secret key: provided
    => limits: forms = 32KiB
    => tls: disabled
🛰  Mounting '/':
    => GET /admin
    => GET /admin [2]
    => POST /admin
    => GET /user
    => GET /user [2]
    => POST /user
    => GET /
    => GET /<file..> [10]
🚀  Rocket has launched from http://localhost:8000

--> C:\Users\Andrew\.cargo\registry\src\github.com-1ecc6299db9ec823\hyper-0.10.13\src\server\mod.rs:239
threads = 8

--> C:\Users\Andrew\.cargo\registry\src\github.com-1ecc6299db9ec823\hyper-0.10.13\src\server\mod.rs:266
Incoming stream
get_buf []
read_into_buf buf[0..4096]
get_buf [u8; 4096][0..1012]
try_parse([71, 69, 84, 32, 47, 117, 115, 101, 114, 32, 72, 84, 84, 80, 47, 49, 46, 49, 13, 10, 72, 111, 115, 116, 58, 32, 108, 111, 99, 97, 108, 104, 111, 115, 116, 58, 56, 48, 48, 48, 13, 10, 67, 111, 110, 110, 101, 99, 116, 105, 111, 110, 58, 32, 107, 101, 101, 112, 45, 97, 108, 105, 118, 101, 13, 10, 67, 97, 99, 104, 101, 45, 67, 111, 110, 116, 114, 111, 108, 58, 32, 109, 97, 120, 45, 97, 103, 101, 61, 48, 13, 10, 85, 115, 101, 114, 45, 65, 103, 101, 110, 116, 58, 32, 77, 111, 122, 105, 108, 108, 97, 47, 53, 46, 48, 32, 40, 87, 105, 110, 100, 111, 119, 115, 32, 78, 84, 32, 49, 48, 46, 48, 59, 32, 87, 105, 110, 54, 52, 59, 32, 120, 54, 52, 41, 32, 65, 112, 112, 108, 101, 87, 101, 98, 75, 105, 116, 47, 53, 51, 55, 46, 51, 54, 32, 40, 75, 72, 84, 77, 76, 44, 32, 108, 105, 107, 101, 32, 71, 101, 99, 107, 111, 41, 32, 67, 104, 114, 111, 109, 101, 47, 54, 49, 46, 48, 46, 51, 49, 54, 51, 46, 49, 48, 48, 32, 83, 97, 102, 97, 114, 105, 47, 53, 51, 55, 46, 51, 54, 13, 10, 85, 112, 103, 114, 97, 100, 101, 45, 73, 110, 115, 101, 99, 117, 114, 101, 45, 82, 101, 113, 117, 101, 115, 116, 115, 58, 32, 49, 13, 10, 65, 99, 99, 101, 112, 116, 58, 32, 116, 101, 120, 116, 47, 104, 116, 109, 108, 44, 97, 112, 112, 108, 105, 99, 97, 116, 105, 111, 110, 47, 120, 104, 116, 109, 108, 43, 120, 109, 108, 44, 97, 112, 112, 108, 105, 99, 97, 116, 105, 111, 110, 47, 120, 109, 108, 59, 113, 61, 48, 46, 57, 44, 105, 109, 97, 103, 101, 47, 119, 101, 98, 112, 44, 105, 109, 97, 103, 101, 47, 97, 112, 110, 103, 44, 42, 47, 42, 59, 113, 61, 48, 46, 56, 13, 10, 68, 78, 84, 58, 32, 49, 13, 10, 82, 101, 102, 101, 114, 101, 114, 58, 32, 104, 116, 116, 112, 58, 47, 47, 108, 111, 99, 97, 108, 104, 111, 115, 116, 58, 56, 48, 48, 48, 47, 13, 10, 65, 99, 99, 101, 112, 116, 45, 69, 110, 99, 111, 100, 105, 110, 103, 58, 32, 103, 122, 105, 112, 44, 32, 100, 101, 102, 108, 97, 116, 101, 44, 32, 98, 114, 13, 10, 65, 99, 99, 101, 112, 116, 45, 76, 97, 110, 103, 117, 97, 103, 101, 58, 32, 101, 110, 45, 85, 83, 44, 101, 110, 59, 113, 61, 48, 46, 56, 13, 10, 67, 111, 111, 107, 105, 101, 58, 32, 114, 101, 109, 101, 109, 98, 101, 114, 95, 119, 101, 98, 95, 53, 57, 98, 97, 51, 54, 97, 100, 100, 99, 50, 98, 50, 102, 57, 52, 48, 49, 53, 56, 48, 102, 48, 49, 52, 99, 55, 102, 53, 56, 101, 97, 52, 101, 51, 48, 57, 56, 57, 100, 61, 101, 121, 74, 112, 100, 105, 73, 54, 73, 109, 82, 114, 83, 71, 104, 73, 85, 107, 90, 116, 82, 49, 89, 53, 82, 68, 90, 84, 90, 107, 82, 109, 87, 84, 90, 108, 78, 107, 69, 57, 80, 83, 73, 115, 73, 110, 90, 104, 98, 72, 86, 108, 73, 106, 111, 105, 86, 69, 77, 120, 81, 48, 107, 50, 83, 71, 53, 66, 82, 70, 90, 88, 97, 49, 100, 88, 81, 84, 70, 77, 77, 86, 74, 112, 82, 88, 100, 54, 81, 121, 116, 89, 98, 68, 69, 50, 85, 107, 57, 108, 89, 50, 78, 50, 83, 72, 90, 121, 89, 85, 49, 76, 79, 86, 104, 51, 78, 88, 82, 116, 79, 72, 90, 71, 87, 110, 65, 121, 87, 106, 86, 73, 101, 107, 104, 71, 85, 84, 77, 120, 81, 106, 108, 71, 90, 86, 82, 107, 85, 68, 66, 119, 90, 85, 108, 76, 77, 84, 100, 106, 89, 50, 100, 87, 98, 84, 108, 77, 85, 50, 115, 120, 86, 49, 85, 122, 89, 51, 85, 114, 81, 88, 108, 48, 98, 88, 100, 89, 86, 72, 104, 105, 77, 71, 120, 50, 79, 87, 99, 57, 73, 105, 119, 105, 98, 87, 70, 106, 73, 106, 111, 105, 89, 50, 69, 48, 77, 68, 107, 52, 78, 84, 89, 119, 90, 87, 78, 107, 89, 106, 100, 107, 79, 68, 74, 104, 90, 84, 104, 105, 78, 68, 65, 122, 89, 106, 107, 120, 77, 68, 74, 108, 90, 68, 77, 119, 79, 84, 69, 120, 77, 68, 99, 121, 90, 87, 81, 49, 90, 68, 69, 120, 77, 106, 78, 106, 79, 68, 70, 106, 77, 122, 73, 50, 78, 68, 99, 122, 90, 84, 107, 52, 77, 106, 74, 106, 77, 105, 74, 57, 59, 32, 115, 105, 100, 61, 118, 68, 50, 113, 119, 57, 87, 112, 53, 74, 37, 50, 70, 71, 122, 87, 79, 106, 37, 50, 70, 109, 101, 89, 79, 37, 50, 70, 101, 74, 112, 104, 66, 117, 67, 83, 75, 55, 68, 102, 49, 117, 85, 68, 37, 50, 70, 121, 105, 121, 83, 49, 72, 103, 37, 51, 68, 37, 51, 68, 59, 32, 117, 115, 105, 100, 61, 101, 53, 66, 51, 57, 84, 113, 57, 117, 88, 118, 84, 65, 86, 53, 81, 100, 52, 116, 86, 99, 37, 50, 70, 112, 75, 102, 113, 105, 55, 109, 76, 80, 107, 102, 108, 75, 113, 70, 72, 56, 115, 104, 37, 50, 70, 109, 71, 118, 65, 37, 51, 68, 37, 51, 68, 59, 32, 97, 115, 105, 100, 61, 101, 77, 80, 56, 74, 87, 115, 82, 55, 104, 87, 118, 100, 115, 106, 101, 121, 104, 110, 97, 122, 85, 71, 106, 98, 37, 50, 70, 56, 51, 74, 97, 117, 98, 52, 49, 48, 97, 65, 67, 56, 87, 103, 113, 101, 110, 80, 103, 37, 51, 68, 37, 51, 68, 13, 10, 13, 10])
Request.try_parse([Header; 100], [u8; 1012])
Request.try_parse Complete(1012)
raw header: "Host"=[108, 111, 99, 97, 108, 104, 111, 115, 116, 58, 56, 48, 48, 48]
raw header: "Connection"=[107, 101, 101, 112, 45, 97, 108, 105, 118, 101]
raw header: "Cache-Control"=[109, 97, 120, 45, 97, 103, 101, 61, 48]
raw header: "User-Agent"=[77, 111, 122, 105, 108, 108, 97, 47, 53, 46, 48, 32, 40, 87, 105, 110, 100, 111, 119, 115, 32, 78, 84, 32, 49, 48, 46, 48, 59, 32, 87, 105, 110, 54, 52, 59, 32, 120, 54, 52, 41, 32, 65, 112, 112, 108, 101, 87, 101, 98, 75, 105, 116, 47, 53, 51, 55, 46, 51, 54, 32, 40, 75, 72, 84, 77, 76, 44, 32, 108, 105, 107, 101, 32, 71, 101, 99, 107, 111, 41, 32, 67, 104, 114, 111, 109, 101, 47, 54, 49, 46, 48, 46, 51, 49, 54, 51, 46, 49, 48, 48, 32, 83, 97, 102, 97, 114, 105, 47, 53, 51, 55, 46, 51, 54]
raw header: "Upgrade-Insecure-Requests"=[49]
raw header: "Accept"=[116, 101, 120, 116, 47, 104, 116, 109, 108, 44, 97, 112, 112, 108, 105, 99, 97, 116, 105, 111, 110, 47, 120, 104, 116, 109, 108, 43, 120, 109, 108, 44, 97, 112, 112, 108, 105, 99, 97, 116, 105, 111, 110, 47, 120, 109, 108, 59, 113, 61, 48, 46, 57, 44, 105, 109, 97, 103, 101, 47, 119, 101, 98, 112, 44, 105, 109, 97, 103, 101, 47, 97, 112, 110, 103, 44, 42, 47, 42, 59, 113, 61, 48, 46, 56]
raw header: "DNT"=[49]
raw header: "Referer"=[104, 116, 116, 112, 58, 47, 47, 108, 111, 99, 97, 108, 104, 111, 115, 116, 58, 56, 48, 48, 48, 47]
raw header: "Accept-Encoding"=[103, 122, 105, 112, 44, 32, 100, 101, 102, 108, 97, 116, 101, 44, 32, 98, 114]
raw header: "Accept-Language"=[101, 110, 45, 85, 83, 44, 101, 110, 59, 113, 61, 48, 46, 56]
raw header: "Cookie"=[114, 101, 109, 101, 109, 98, 101, 114, 95, 119, 101, 98, 95, 53, 57, 98, 97, 51, 54, 97, 100, 100, 99, 50, 98, 50, 102, 57, 52, 48, 49, 53, 56, 48, 102, 48, 49, 52, 99, 55, 102, 53, 56, 101, 97, 52, 101, 51, 48, 57, 56, 57, 100, 61, 101, 121, 74, 112, 100, 105, 73, 54, 73, 109, 82, 114, 83, 71, 104, 73, 85, 107, 90, 116, 82, 49, 89, 53, 82, 68, 90, 84, 90, 107, 82, 109, 87, 84, 90, 108, 78, 107, 69, 57, 80, 83, 73, 115, 73, 110, 90, 104, 98, 72, 86, 108, 73, 106, 111, 105, 86, 69, 77, 120, 81, 48, 107, 50, 83, 71, 53, 66, 82, 70, 90, 88, 97, 49, 100, 88, 81, 84, 70, 77, 77, 86, 74, 112, 82, 88, 100, 54, 81, 121, 116, 89, 98, 68, 69, 50, 85, 107, 57, 108, 89, 50, 78, 50, 83, 72, 90, 121, 89, 85, 49, 76, 79, 86, 104, 51, 78, 88, 82, 116, 79, 72, 90, 71, 87, 110, 65, 121, 87, 106, 86, 73, 101, 107, 104, 71, 85, 84, 77, 120, 81, 106, 108, 71, 90, 86, 82, 107, 85, 68, 66, 119, 90, 85, 108, 76, 77, 84, 100, 106, 89, 50, 100, 87, 98, 84, 108, 77, 85, 50, 115, 120, 86, 49, 85, 122, 89, 51, 85, 114, 81, 88, 108, 48, 98, 88, 100, 89, 86, 72, 104, 105, 77, 71, 120, 50, 79, 87, 99, 57, 73, 105, 119, 105, 98, 87, 70, 106, 73, 106, 111, 105, 89, 50, 69, 48, 77, 68, 107, 52, 78, 84, 89, 119, 90, 87, 78, 107, 89, 106, 100, 107, 79, 68, 74, 104, 90, 84, 104, 105, 78, 68, 65, 122, 89, 106, 107, 120, 77, 68, 74, 108, 90, 68, 77, 119, 79, 84, 69, 120, 77, 68, 99, 121, 90, 87, 81, 49, 90, 68, 69, 120, 77, 106, 78, 106, 79, 68, 70, 106, 77, 122, 73, 50, 78, 68, 99, 122, 90, 84, 107, 52, 77, 106, 74, 106, 77, 105, 74, 57, 59, 32, 115, 105, 100, 61, 118, 68, 50, 113, 119, 57, 87, 112, 53, 74, 37, 50, 70, 71, 122, 87, 79, 106, 37, 50, 70, 109, 101, 89, 79, 37, 50, 70, 101, 74, 112, 104, 66, 117, 67, 83, 75, 55, 68, 102, 49, 117, 85, 68, 37, 50, 70, 121, 105, 121, 83, 49, 72, 103, 37, 51, 68, 37, 51, 68, 59, 32, 117, 115, 105, 100, 61, 101, 53, 66, 51, 57, 84, 113, 57, 117, 88, 118, 84, 65, 86, 53, 81, 100, 52, 116, 86, 99, 37, 50, 70, 112, 75, 102, 113, 105, 55, 109, 76, 80, 107, 102, 108, 75, 113, 70, 72, 56, 115, 104, 37, 50, 70, 109, 71, 118, 65, 37, 51, 68, 37, 51, 68, 59, 32, 97, 115, 105, 100, 61, 101, 77, 80, 56, 74, 87, 115, 82, 55, 104, 87, 118, 100, 115, 106, 101, 121, 104, 110, 97, 122, 85, 71, 106, 98, 37, 50, 70, 56, 51, 74, 97, 117, 98, 52, 49, 48, 97, 65, 67, 56, 87, 103, 113, 101, 110, 80, 103, 37, 51, 68, 37, 51, 68]

--> C:\Users\Andrew\.cargo\registry\src\github.com-1ecc6299db9ec823\hyper-0.10.13\src\server\request.rs:41
Request Line: Get AbsolutePath("/user") Http11

--> C:\Users\Andrew\.cargo\registry\src\github.com-1ecc6299db9ec823\hyper-0.10.13\src\server\request.rs:42
Headers { Host: localhost:8000
, Connection: keep-alive
, Cache-Control: max-age=0
, User-Agent: Mozilla/5.0 (Windows NT 10.0; Win64; x64) AppleWebKit/537.36 (KHTML, like Gecko) Chrome/61.0.3163.100 Safari/537.36
, Upgrade-Insecure-Requests: 1
, Accept: text/html,application/xhtml+xml,application/xml;q=0.9,image/webp,image/apng,*/*;q=0.8
, DNT: 1
, Referer: http://localhost:8000/
, Accept-Encoding: gzip, deflate, br
, Accept-Language: en-US,en;q=0.8
, Cookie: remember_web_59ba36addc2b2f9401580f014c7f58ea4e30989d=eyJpdiI6ImRrSGhIUkZtR1Y5RDZTZkRmWTZlNkE9PSIsInZhbHVlIjoiVEMxQ0k2SG5BRFZXa1dXQTFMMVJpRXd6QytYbDE2Uk9lY2N2SHZyYU1LOVh3NXRtOHZGWnAyWjVIekhGUTMxQjlGZVRkUDBwZUlLMTdjY2dWbTlMU2sxV1UzY3UrQXl0bXdYVHhiMGx2OWc9IiwibWFjIjoiY2E0MDk4NTYwZWNkYjdkODJhZThiNDAzYjkxMDJlZDMwOTExMDcyZWQ1ZDExMjNjODFjMzI2NDczZTk4MjJjMiJ9; sid=vD2qw9Wp5J%2FGzWOj%2FmeYO%2FeJphBuCSK7Df1uUD%2FyiyS1Hg%3D%3D; usid=e5B39Tq9uXvTAV5Qd4tVc%2FpKfqi7mLPkflKqFH8sh%2FmGvA%3D%3D; asid=eMP8JWsR7hWvdsjeyhnazUGjb%2F83Jaub410aAC8WgqenPg%3D%3D
, }
should_keep_alive( Http11, Some(Connection([KeepAlive])) )
    => Hyper buffer: [0..0] (0 bytes).
    => Date::new(EmptyReader)
    => Filled peek buf with 0 bytes.
    => Peek bytes: 0/512 bytes.
GET /user text/html:
    => Routing the request: GET /user text/html
    => All matches: [GET /user, GET /user [2], GET /<file..> [10]]
    => Matched: GET /user
    => Outcome: Forward
    => Matched: GET /user [2]
    => Outcome: Success
Headers.append_raw( "Content-Type", [116, 101, 120, 116, 47, 104, 116, 109, 108, 59, 32, 99, 104, 97, 114, 115, 101, 116, 61, 117, 116, 102, 45, 56] )
Headers.append_raw( "Server", [82, 111, 99, 107, 101, 116] )
Headers.set( "Content-Length", ContentLength(2924) )

--> C:\Users\Andrew\.cargo\registry\src\github.com-1ecc6299db9ec823\hyper-0.10.13\src\server\response.rs:84
writing head: Http11 Ok
Headers.set( "Date", Date(HttpDate(Tm { tm_sec: 48, tm_min: 6, tm_hour: 0, tm_mday: 17, tm_mon: 9, tm_year: 117, tm_wday: 2, tm_yday: 290, tm_isdst: 0, tm_utcoff: 0, tm_nsec: 693120000 })) )

--> C:\Users\Andrew\.cargo\registry\src\github.com-1ecc6299db9ec823\hyper-0.10.13\src\server\response.rs:119
headers [
Headers { Content-Type: text/html; charset=utf-8
, Server: Rocket
, Content-Length: 2924
, Date: Tue, 17 Oct 2017 00:06:48 GMT
, }]

--> C:\Users\Andrew\.cargo\registry\src\github.com-1ecc6299db9ec823\hyper-0.10.13\src\server\response.rs:220
write 2924 bytes
ending
    => Response succeeded.
should_keep_alive( Http11, None )

--> C:\Users\Andrew\.cargo\registry\src\github.com-1ecc6299db9ec823\hyper-0.10.13\src\server\mod.rs:346
keep_alive = true for [::1]:59103
get_buf []
read_into_buf buf[0..4096]
get_buf [u8; 4096][0..913]
try_parse([71, 69, 84, 32, 47, 99, 115, 115, 47, 102, 111, 110, 116, 45, 97, 119, 101, 115, 111, 109, 101, 46, 109, 105, 110, 46, 99, 115, 115, 32, 72, 84, 84, 80, 47, 49, 46, 49, 13, 10, 72, 111, 115, 116, 58, 32, 108, 111, 99, 97, 108, 104, 111, 115, 116, 58, 56, 48, 48, 48, 13, 10, 67, 111, 110, 110, 101, 99, 116, 105, 111, 110, 58, 32, 107, 101, 101, 112, 45, 97, 108, 105, 118, 101, 13, 10, 85, 115, 101, 114, 45, 65, 103, 101, 110, 116, 58, 32, 77, 111, 122, 105, 108, 108, 97, 47, 53, 46, 48, 32, 40, 87, 105, 110, 100, 111, 119, 115, 32, 78, 84, 32, 49, 48, 46, 48, 59, 32, 87, 105, 110, 54, 52, 59, 32, 120, 54, 52, 41, 32, 65, 112, 112, 108, 101, 87, 101, 98, 75, 105, 116, 47, 53, 51, 55, 46, 51, 54, 32, 40, 75, 72, 84, 77, 76, 44, 32, 108, 105, 107, 101, 32, 71, 101, 99, 107, 111, 41, 32, 67, 104, 114, 111, 109, 101, 47, 54, 49, 46, 48, 46, 51, 49, 54, 51, 46, 49, 48, 48, 32, 83, 97, 102, 97, 114, 105, 47, 53, 51, 55, 46, 51, 54, 13, 10, 65, 99, 99, 101, 112, 116, 58, 32, 116, 101, 120, 116, 47, 99, 115, 115, 44, 42, 47, 42, 59, 113, 61, 48, 46, 49, 13, 10, 68, 78, 84, 58, 32, 49, 13, 10, 82, 101, 102, 101, 114, 101, 114, 58, 32, 104, 116, 116, 112, 58, 47, 47, 108, 111, 99, 97, 108, 104, 111, 115, 116, 58, 56, 48, 48, 48, 47, 117, 115, 101, 114, 13, 10, 65, 99, 99, 101, 112, 116, 45, 69, 110, 99, 111, 100, 105, 110, 103, 58, 32, 103, 122, 105, 112, 44, 32, 100, 101, 102, 108, 97, 116, 101, 44, 32, 98, 114, 13, 10, 65, 99, 99, 101, 112, 116, 45, 76, 97, 110, 103, 117, 97, 103, 101, 58, 32, 101, 110, 45, 85, 83, 44, 101, 110, 59, 113, 61, 48, 46, 56, 13, 10, 67, 111, 111, 107, 105, 101, 58, 32, 114, 101, 109, 101, 109, 98, 101, 114, 95, 119, 101, 98, 95, 53, 57, 98, 97, 51, 54, 97, 100, 100, 99, 50, 98, 50, 102, 57, 52, 48, 49, 53, 56, 48, 102, 48, 49, 52, 99, 55, 102, 53, 56, 101, 97, 52, 101, 51, 48, 57, 56, 57, 100, 61, 101, 121, 74, 112, 100, 105, 73, 54, 73, 109, 82, 114, 83, 71, 104, 73, 85, 107, 90, 116, 82, 49, 89, 53, 82, 68, 90, 84, 90, 107, 82, 109, 87, 84, 90, 108, 78, 107, 69, 57, 80, 83, 73, 115, 73, 110, 90, 104, 98, 72, 86, 108, 73, 106, 111, 105, 86, 69, 77, 120, 81, 48, 107, 50, 83, 71, 53, 66, 82, 70, 90, 88, 97, 49, 100, 88, 81, 84, 70, 77, 77, 86, 74, 112, 82, 88, 100, 54, 81, 121, 116, 89, 98, 68, 69, 50, 85, 107, 57, 108, 89, 50, 78, 50, 83, 72, 90, 121, 89, 85, 49, 76, 79, 86, 104, 51, 78, 88, 82, 116, 79, 72, 90, 71, 87, 110, 65, 121, 87, 106, 86, 73, 101, 107, 104, 71, 85, 84, 77, 120, 81, 106, 108, 71, 90, 86, 82, 107, 85, 68, 66, 119, 90, 85, 108, 76, 77, 84, 100, 106, 89, 50, 100, 87, 98, 84, 108, 77, 85, 50, 115, 120, 86, 49, 85, 122, 89, 51, 85, 114, 81, 88, 108, 48, 98, 88, 100, 89, 86, 72, 104, 105, 77, 71, 120, 50, 79, 87, 99, 57, 73, 105, 119, 105, 98, 87, 70, 106, 73, 106, 111, 105, 89, 50, 69, 48, 77, 68, 107, 52, 78, 84, 89, 119, 90, 87, 78, 107, 89, 106, 100, 107, 79, 68, 74, 104, 90, 84, 104, 105, 78, 68, 65, 122, 89, 106, 107, 120, 77, 68, 74, 108, 90, 68, 77, 119, 79, 84, 69, 120, 77, 68, 99, 121, 90, 87, 81, 49, 90, 68, 69, 120, 77, 106, 78, 106, 79, 68, 70, 106, 77, 122, 73, 50, 78, 68, 99, 122, 90, 84, 107, 52, 77, 106, 74, 106, 77, 105, 74, 57, 59, 32, 115, 105, 100, 61, 118, 68, 50, 113, 119, 57, 87, 112, 53, 74, 37, 50, 70, 71, 122, 87, 79, 106, 37, 50, 70, 109, 101, 89, 79, 37, 50, 70, 101, 74, 112, 104, 66, 117, 67, 83, 75, 55, 68, 102, 49, 117, 85, 68, 37, 50, 70, 121, 105, 121, 83, 49, 72, 103, 37, 51, 68, 37, 51, 68, 59, 32, 117, 115, 105, 100, 61, 101, 53, 66, 51, 57, 84, 113, 57, 117, 88, 118, 84, 65, 86, 53, 81, 100, 52, 116, 86, 99, 37, 50, 70, 112, 75, 102, 113, 105, 55, 109, 76, 80, 107, 102, 108, 75, 113, 70, 72, 56, 115, 104, 37, 50, 70, 109, 71, 118, 65, 37, 51, 68, 37, 51, 68, 59, 32, 97, 115, 105, 100, 61, 101, 77, 80, 56, 74, 87, 115, 82, 55, 104, 87, 118, 100, 115, 106, 101, 121, 104, 110, 97, 122, 85, 71, 106, 98, 37, 50, 70, 56, 51, 74, 97, 117, 98, 52, 49, 48, 97, 65, 67, 56, 87, 103, 113, 101, 110, 80, 103, 37, 51, 68, 37, 51, 68, 13, 10, 13, 10])

--> C:\Users\Andrew\.cargo\registry\src\github.com-1ecc6299db9ec823\hyper-0.10.13\src\server\mod.rs:266
Incoming stream

--> get_buf []
C:\Users\Andrew\.cargo\registry\src\github.com-1ecc6299db9ec823\hyper-0.10.13\src\server\mod.rs:266
Incoming stream
read_into_buf buf[0..4096]
get_buf [u8; 4096][0..901]
try_parse([71, 69, 84, 32, 47, 99, 115, 115, 47, 98, 108, 111, 103, 46, 99, 115, 115, 32, 72, 84, 84, 80, 47, 49, 46, 49, 13, 10, 72, 111, 115, 116, 58, 32, 108, 111, 99, 97, 108, 104, 111, 115, 116, 58, 56, 48, 48, 48, 13, 10, 67, 111, 110, 110, 101, 99, 116, 105, 111, 110, 58, 32, 107, 101, 101, 112, 45, 97, 108, 105, 118, 101, 13, 10, 85, 115, 101, 114, 45, 65, 103, 101, 110, 116, 58, 32, 77, 111, 122, 105, 108, 108, 97, 47, 53, 46, 48, 32, 40, 87, 105, 110, 100, 111, 119, 115, 32, 78, 84, 32, 49, 48, 46, 48, 59, 32, 87, 105, 110, 54, 52, 59, 32, 120, 54, 52, 41, 32, 65, 112, 112, 108, 101, 87, 101, 98, 75, 105, 116, 47, 53, 51, 55, 46, 51, 54, 32, 40, 75, 72, 84, 77, 76, 44, 32, 108, 105, 107, 101, 32, 71, 101, 99, 107, 111, 41, 32, 67, 104, 114, 111, 109, 101, 47, 54, 49, 46, 48, 46, 51, 49, 54, 51, 46, 49, 48, 48, 32, 83, 97, 102, 97, 114, 105, 47, 53, 51, 55, 46, 51, 54, 13, 10, 65, 99, 99, 101, 112, 116, 58, 32, 116, 101, 120, 116, 47, 99, 115, 115, 44, 42, 47, 42, 59, 113, 61, 48, 46, 49, 13, 10, 68, 78, 84, 58, 32, 49, 13, 10, 82, 101, 102, 101, 114, 101, 114, 58, 32, 104, 116, 116, 112, 58, 47, 47, 108, 111, 99, 97, 108, 104, 111, 115, 116, 58, 56, 48, 48, 48, 47, 117, 115, 101, 114, 13, 10, 65, 99, 99, 101, 112, 116, 45, 69, 110, 99, 111, 100, 105, 110, 103, 58, 32, 103, 122, 105, 112, 44, 32, 100, 101, 102, 108, 97, 116, 101, 44, 32, 98, 114, 13, 10, 65, 99, 99, 101, 112, 116, 45, 76, 97, 110, 103, 117, 97, 103, 101, 58, 32, 101, 110, 45, 85, 83, 44, 101, 110, 59, 113, 61, 48, 46, 56, 13, 10, 67, 111, 111, 107, 105, 101, 58, 32, 114, 101, 109, 101, 109, 98, 101, 114, 95, 119, 101, 98, 95, 53, 57, 98, 97, 51, 54, 97, 100, 100, 99, 50, 98, 50, 102, 57, 52, 48, 49, 53, 56, 48, 102, 48, 49, 52, 99, 55, 102, 53, 56, 101, 97, 52, 101, 51, 48, 57, 56, 57, 100, 61, 101, 121, 74, 112, 100, 105, 73, 54, 73, 109, 82, 114, 83, 71, 104, 73, 85, 107, 90, 116, 82, 49, 89, 53, 82, 68, 90, 84, 90, 107, 82, 109, 87, 84, 90, 108, 78, 107, 69, 57, 80, 83, 73, 115, 73, 110, 90, 104, 98, 72, 86, 108, 73, 106, 111, 105, 86, 69, 77, 120, 81, 48, 107, 50, 83, 71, 53, 66, 82, 70, 90, 88, 97, 49, 100, 88, 81, 84, 70, 77, 77, 86, 74, 112, 82, 88, 100, 54, 81, 121, 116, 89, 98, 68, 69, 50, 85, 107, 57, 108, 89, 50, 78, 50, 83, 72, 90, 121, 89, 85, 49, 76, 79, 86, 104, 51, 78, 88, 82, 116, 79, 72, 90, 71, 87, 110, 65, 121, 87, 106, 86, 73, 101, 107, 104, 71, 85, 84, 77, 120, 81, 106, 108, 71, 90, 86, 82, 107, 85, 68, 66, 119, 90, 85, 108, 76, 77, 84, 100, 106, 89, 50, 100, 87, 98, 84, 108, 77, 85, 50, 115, 120, 86, 49, 85, 122, 89, 51, 85, 114, 81, 88, 108, 48, 98, 88, 100, 89, 86, 72, 104, 105, 77, 71, 120, 50, 79, 87, 99, 57, 73, 105, 119, 105, 98, 87, 70, 106, 73, 106, 111, 105, 89, 50, 69, 48, 77, 68, 107, 52, 78, 84, 89, 119, 90, 87, 78, 107, 89, 106, 100, 107, 79, 68, 74, 104, 90, 84, 104, 105, 78, 68, 65, 122, 89, 106, 107, 120, 77, 68, 74, 108, 90, 68, 77, 119, 79, 84, 69, 120, 77, 68, 99, 121, 90, 87, 81, 49, 90, 68, 69, 120, 77, 106, 78, 106, 79, 68, 70, 106, 77, 122, 73, 50, 78, 68, 99, 122, 90, 84, 107, 52, 77, 106, 74, 106, 77, 105, 74, 57, 59, 32, 115, 105, 100, 61, 118, 68, 50, 113, 119, 57, 87, 112, 53, 74, 37, 50, 70, 71, 122, 87, 79, 106, 37, 50, 70, 109, 101, 89, 79, 37, 50, 70, 101, 74, 112, 104, 66, 117, 67, 83, 75, 55, 68, 102, 49, 117, 85, 68, 37, 50, 70, 121, 105, 121, 83, 49, 72, 103, 37, 51, 68, 37, 51, 68, 59, 32, 117, 115, 105, 100, 61, 101, 53, 66, 51, 57, 84, 113, 57, 117, 88, 118, 84, 65, 86, 53, 81, 100, 52, 116, 86, 99, 37, 50, 70, 112, 75, 102, 113, 105, 55, 109, 76, 80, 107, 102, 108, 75, 113, 70, 72, 56, 115, 104, 37, 50, 70, 109, 71, 118, 65, 37, 51, 68, 37, 51, 68, 59, 32, 97, 115, 105, 100, 61, 101, 77, 80, 56, 74, 87, 115, 82, 55, 104, 87, 118, 100, 115, 106, 101, 121, 104, 110, 97, 122, 85, 71, 106, 98, 37, 50, 70, 56, 51, 74, 97, 117, 98, 52, 49, 48, 97, 65, 67, 56, 87, 103, 113, 101, 110, 80, 103, 37, 51, 68, 37, 51, 68, 13, 10, 13, 10])
Request.try_parse([Header; 100], [u8; 913])
get_buf []
Request.try_parse([Header; 100], [u8; 901])
Request.try_parse Complete(913)
read_into_buf buf[0..4096]
Request.try_parse Complete(901)
raw header: "Host"=[108, 111, 99, 97, 108, 104, 111, 115, 116, 58, 56, 48, 48, 48]
get_buf [u8; 4096][0..881]
raw header: "Host"=[108, 111, 99, 97, 108, 104, 111, 115, 116, 58, 56, 48, 48, 48]
raw header: "Connection"=[107, 101, 101, 112, 45, 97, 108, 105, 118, 101]
try_parse([71, 69, 84, 32, 47, 98, 108, 111, 103, 46, 106, 115, 32, 72, 84, 84, 80, 47, 49, 46, 49, 13, 10, 72, 111, 115, 116, 58, 32, 108, 111, 99, 97, 108, 104, 111, 115, 116, 58, 56, 48, 48, 48, 13, 10, 67, 111, 110, 110, 101, 99, 116, 105, 111, 110, 58, 32, 107, 101, 101, 112, 45, 97, 108, 105, 118, 101, 13, 10, 85, 115, 101, 114, 45, 65, 103, 101, 110, 116, 58, 32, 77, 111, 122, 105, 108, 108, 97, 47, 53, 46, 48, 32, 40, 87, 105, 110, 100, 111, 119, 115, 32, 78, 84, 32, 49, 48, 46, 48, 59, 32, 87, 105, 110, 54, 52, 59, 32, 120, 54, 52, 41, 32, 65, 112, 112, 108, 101, 87, 101, 98, 75, 105, 116, 47, 53, 51, 55, 46, 51, 54, 32, 40, 75, 72, 84, 77, 76, 44, 32, 108, 105, 107, 101, 32, 71, 101, 99, 107, 111, 41, 32, 67, 104, 114, 111, 109, 101, 47, 54, 49, 46, 48, 46, 51, 49, 54, 51, 46, 49, 48, 48, 32, 83, 97, 102, 97, 114, 105, 47, 53, 51, 55, 46, 51, 54, 13, 10, 65, 99, 99, 101, 112, 116, 58, 32, 42, 47, 42, 13, 10, 68, 78, 84, 58, 32, 49, 13, 10, 82, 101, 102, 101, 114, 101, 114, 58, 32, 104, 116, 116, 112, 58, 47, 47, 108, 111, 99, 97, 108, 104, 111, 115, 116, 58, 56, 48, 48, 48, 47, 117, 115, 101, 114, 13, 10, 65, 99, 99, 101, 112, 116, 45, 69, 110, 99, 111, 100, 105, 110, 103, 58, 32, 103, 122, 105, 112, 44, 32, 100, 101, 102, 108, 97, 116, 101, 44, 32, 98, 114, 13, 10, 65, 99, 99, 101, 112, 116, 45, 76, 97, 110, 103, 117, 97, 103, 101, 58, 32, 101, 110, 45, 85, 83, 44, 101, 110, 59, 113, 61, 48, 46, 56, 13, 10, 67, 111, 111, 107, 105, 101, 58, 32, 114, 101, 109, 101, 109, 98, 101, 114, 95, 119, 101, 98, 95, 53, 57, 98, 97, 51, 54, 97, 100, 100, 99, 50, 98, 50, 102, 57, 52, 48, 49, 53, 56, 48, 102, 48, 49, 52, 99, 55, 102, 53, 56, 101, 97, 52, 101, 51, 48, 57, 56, 57, 100, 61, 101, 121, 74, 112, 100, 105, 73, 54, 73, 109, 82, 114, 83, 71, 104, 73, 85, 107, 90, 116, 82, 49, 89, 53, 82, 68, 90, 84, 90, 107, 82, 109, 87, 84, 90, 108, 78, 107, 69, 57, 80, 83, 73, 115, 73, 110, 90, 104, 98, 72, 86, 108, 73, 106, 111, 105, 86, 69, 77, 120, 81, 48, 107, 50, 83, 71, 53, 66, 82, 70, 90, 88, 97, 49, 100, 88, 81, 84, 70, 77, 77, 86, 74, 112, 82, 88, 100, 54, 81, 121, 116, 89, 98, 68, 69, 50, 85, 107, 57, 108, 89, 50, 78, 50, 83, 72, 90, 121, 89, 85, 49, 76, 79, 86, 104, 51, 78, 88, 82, 116, 79, 72, 90, 71, 87, 110, 65, 121, 87, 106, 86, 73, 101, 107, 104, 71, 85, 84, 77, 120, 81, 106, 108, 71, 90, 86, 82, 107, 85, 68, 66, 119, 90, 85, 108, 76, 77, 84, 100, 106, 89, 50, 100, 87, 98, 84, 108, 77, 85, 50, 115, 120, 86, 49, 85, 122, 89, 51, 85, 114, 81, 88, 108, 48, 98, 88, 100, 89, 86, 72, 104, 105, 77, 71, 120, 50, 79, 87, 99, 57, 73, 105, 119, 105, 98, 87, 70, 106, 73, 106, 111, 105, 89, 50, 69, 48, 77, 68, 107, 52, 78, 84, 89, 119, 90, 87, 78, 107, 89, 106, 100, 107, 79, 68, 74, 104, 90, 84, 104, 105, 78, 68, 65, 122, 89, 106, 107, 120, 77, 68, 74, 108, 90, 68, 77, 119, 79, 84, 69, 120, 77, 68, 99, 121, 90, 87, 81, 49, 90, 68, 69, 120, 77, 106, 78, 106, 79, 68, 70, 106, 77, 122, 73, 50, 78, 68, 99, 122, 90, 84, 107, 52, 77, 106, 74, 106, 77, 105, 74, 57, 59, 32, 115, 105, 100, 61, 118, 68, 50, 113, 119, 57, 87, 112, 53, 74, 37, 50, 70, 71, 122, 87, 79, 106, 37, 50, 70, 109, 101, 89, 79, 37, 50, 70, 101, 74, 112, 104, 66, 117, 67, 83, 75, 55, 68, 102, 49, 117, 85, 68, 37, 50, 70, 121, 105, 121, 83, 49, 72, 103, 37, 51, 68, 37, 51, 68, 59, 32, 117, 115, 105, 100, 61, 101, 53, 66, 51, 57, 84, 113, 57, 117, 88, 118, 84, 65, 86, 53, 81, 100, 52, 116, 86, 99, 37, 50, 70, 112, 75, 102, 113, 105, 55, 109, 76, 80, 107, 102, 108, 75, 113, 70, 72, 56, 115, 104, 37, 50, 70, 109, 71, 118, 65, 37, 51, 68, 37, 51, 68, 59, 32, 97, 115, 105, 100, 61, 101, 77, 80, 56, 74, 87, 115, 82, 55, 104, 87, 118, 100, 115, 106, 101, 121, 104, 110, 97, 122, 85, 71, 106, 98, 37, 50, 70, 56, 51, 74, 97, 117, 98, 52, 49, 48, 97, 65, 67, 56, 87, 103, 113, 101, 110, 80, 103, 37, 51, 68, 37, 51, 68, 13, 10, 13, 10])
raw header: "Connection"=[107, 101, 101, 112, 45, 97, 108, 105, 118, 101]
raw header: "User-Agent"=[77, 111, 122, 105, 108, 108, 97, 47, 53, 46, 48, 32, 40, 87, 105, 110, 100, 111, 119, 115, 32, 78, 84, 32, 49, 48, 46, 48, 59, 32, 87, 105, 110, 54, 52, 59, 32, 120, 54, 52, 41, 32, 65, 112, 112, 108, 101, 87, 101, 98, 75, 105, 116, 47, 53, 51, 55, 46, 51, 54, 32, 40, 75, 72, 84, 77, 76, 44, 32, 108, 105, 107, 101, 32, 71, 101, 99, 107, 111, 41, 32, 67, 104, 114, 111, 109, 101, 47, 54, 49, 46, 48, 46, 51, 49, 54, 51, 46, 49, 48, 48, 32, 83, 97, 102, 97, 114, 105, 47, 53, 51, 55, 46, 51, 54]
Request.try_parse([Header; 100], [u8; 881])
raw header: "User-Agent"=[77, 111, 122, 105, 108, 108, 97, 47, 53, 46, 48, 32, 40, 87, 105, 110, 100, 111, 119, 115, 32, 78, 84, 32, 49, 48, 46, 48, 59, 32, 87, 105, 110, 54, 52, 59, 32, 120, 54, 52, 41, 32, 65, 112, 112, 108, 101, 87, 101, 98, 75, 105, 116, 47, 53, 51, 55, 46, 51, 54, 32, 40, 75, 72, 84, 77, 76, 44, 32, 108, 105, 107, 101, 32, 71, 101, 99, 107, 111, 41, 32, 67, 104, 114, 111, 109, 101, 47, 54, 49, 46, 48, 46, 51, 49, 54, 51, 46, 49, 48, 48, 32, 83, 97, 102, 97, 114, 105, 47, 53, 51, 55, 46, 51, 54]
raw header: "Accept"=[116, 101, 120, 116, 47, 99, 115, 115, 44, 42, 47, 42, 59, 113, 61, 48, 46, 49]
Request.try_parse Complete(881)
raw header: "Accept"=[116, 101, 120, 116, 47, 99, 115, 115, 44, 42, 47, 42, 59, 113, 61, 48, 46, 49]
raw header: "DNT"=[49]
raw header: "Host"=[108, 111, 99, 97, 108, 104, 111, 115, 116, 58, 56, 48, 48, 48]
raw header: "DNT"=[49]
raw header: "Referer"=[104, 116, 116, 112, 58, 47, 47, 108, 111, 99, 97, 108, 104, 111, 115, 116, 58, 56, 48, 48, 48, 47, 117, 115, 101, 114]
raw header: "Connection"=[107, 101, 101, 112, 45, 97, 108, 105, 118, 101]
raw header: "Referer"=[104, 116, 116, 112, 58, 47, 47, 108, 111, 99, 97, 108, 104, 111, 115, 116, 58, 56, 48, 48, 48, 47, 117, 115, 101, 114]
raw header: "Accept-Encoding"=[103, 122, 105, 112, 44, 32, 100, 101, 102, 108, 97, 116, 101, 44, 32, 98, 114]
raw header: "User-Agent"=[77, 111, 122, 105, 108, 108, 97, 47, 53, 46, 48, 32, 40, 87, 105, 110, 100, 111, 119, 115, 32, 78, 84, 32, 49, 48, 46, 48, 59, 32, 87, 105, 110, 54, 52, 59, 32, 120, 54, 52, 41, 32, 65, 112, 112, 108, 101, 87, 101, 98, 75, 105, 116, 47, 53, 51, 55, 46, 51, 54, 32, 40, 75, 72, 84, 77, 76, 44, 32, 108, 105, 107, 101, 32, 71, 101, 99, 107, 111, 41, 32, 67, 104, 114, 111, 109, 101, 47, 54, 49, 46, 48, 46, 51, 49, 54, 51, 46, 49, 48, 48, 32, 83, 97, 102, 97, 114, 105, 47, 53, 51, 55, 46, 51, 54]
raw header: "Accept-Encoding"=[103, 122, 105, 112, 44, 32, 100, 101, 102, 108, 97, 116, 101, 44, 32, 98, 114]
raw header: "Accept-Language"=[101, 110, 45, 85, 83, 44, 101, 110, 59, 113, 61, 48, 46, 56]
raw header: "Accept"=[42, 47, 42]
raw header: "Accept-Language"=[101, 110, 45, 85, 83, 44, 101, 110, 59, 113, 61, 48, 46, 56]
raw header: "Cookie"=[114, 101, 109, 101, 109, 98, 101, 114, 95, 119, 101, 98, 95, 53, 57, 98, 97, 51, 54, 97, 100, 100, 99, 50, 98, 50, 102, 57, 52, 48, 49, 53, 56, 48, 102, 48, 49, 52, 99, 55, 102, 53, 56, 101, 97, 52, 101, 51, 48, 57, 56, 57, 100, 61, 101, 121, 74, 112, 100, 105, 73, 54, 73, 109, 82, 114, 83, 71, 104, 73, 85, 107, 90, 116, 82, 49, 89, 53, 82, 68, 90, 84, 90, 107, 82, 109, 87, 84, 90, 108, 78, 107, 69, 57, 80, 83, 73, 115, 73, 110, 90, 104, 98, 72, 86, 108, 73, 106, 111, 105, 86, 69, 77, 120, 81, 48, 107, 50, 83, 71, 53, 66, 82, 70, 90, 88, 97, 49, 100, 88, 81, 84, 70, 77, 77, 86, 74, 112, 82, 88, 100, 54, 81, 121, 116, 89, 98, 68, 69, 50, 85, 107, 57, 108, 89, 50, 78, 50, 83, 72, 90, 121, 89, 85, 49, 76, 79, 86, 104, 51, 78, 88, 82, 116, 79, 72, 90, 71, 87, 110, 65, 121, 87, 106, 86, 73, 101, 107, 104, 71, 85, 84, 77, 120, 81, 106, 108, 71, 90, 86, 82, 107, 85, 68, 66, 119, 90, 85, 108, 76, 77, 84, 100, 106, 89, 50, 100, 87, 98, 84, 108, 77, 85, 50, 115, 120, 86, 49, 85, 122, 89, 51, 85, 114, 81, 88, 108, 48, 98, 88, 100, 89, 86, 72, 104, 105, 77, 71, 120, 50, 79, 87, 99, 57, 73, 105, 119, 105, 98, 87, 70, 106, 73, 106, 111, 105, 89, 50, 69, 48, 77, 68, 107, 52, 78, 84, 89, 119, 90, 87, 78, 107, 89, 106, 100, 107, 79, 68, 74, 104, 90, 84, 104, 105, 78, 68, 65, 122, 89, 106, 107, 120, 77, 68, 74, 108, 90, 68, 77, 119, 79, 84, 69, 120, 77, 68, 99, 121, 90, 87, 81, 49, 90, 68, 69, 120, 77, 106, 78, 106, 79, 68, 70, 106, 77, 122, 73, 50, 78, 68, 99, 122, 90, 84, 107, 52, 77, 106, 74, 106, 77, 105, 74, 57, 59, 32, 115, 105, 100, 61, 118, 68, 50, 113, 119, 57, 87, 112, 53, 74, 37, 50, 70, 71, 122, 87, 79, 106, 37, 50, 70, 109, 101, 89, 79, 37, 50, 70, 101, 74, 112, 104, 66, 117, 67, 83, 75, 55, 68, 102, 49, 117, 85, 68, 37, 50, 70, 121, 105, 121, 83, 49, 72, 103, 37, 51, 68, 37, 51, 68, 59, 32, 117, 115, 105, 100, 61, 101, 53, 66, 51, 57, 84, 113, 57, 117, 88, 118, 84, 65, 86, 53, 81, 100, 52, 116, 86, 99, 37, 50, 70, 112, 75, 102, 113, 105, 55, 109, 76, 80, 107, 102, 108, 75, 113, 70, 72, 56, 115, 104, 37, 50, 70, 109, 71, 118, 65, 37, 51, 68, 37, 51, 68, 59, 32, 97, 115, 105, 100, 61, 101, 77, 80, 56, 74, 87, 115, 82, 55, 104, 87, 118, 100, 115, 106, 101, 121, 104, 110, 97, 122, 85, 71, 106, 98, 37, 50, 70, 56, 51, 74, 97, 117, 98, 52, 49, 48, 97, 65, 67, 56, 87, 103, 113, 101, 110, 80, 103, 37, 51, 68, 37, 51, 68]
raw header: "DNT"=[49]
raw header: "Cookie"=[114, 101, 109, 101, 109, 98, 101, 114, 95, 119, 101, 98, 95, 53, 57, 98, 97, 51, 54, 97, 100, 100, 99, 50, 98, 50, 102, 57, 52, 48, 49, 53, 56, 48, 102, 48, 49, 52, 99, 55, 102, 53, 56, 101, 97, 52, 101, 51, 48, 57, 56, 57, 100, 61, 101, 121, 74, 112, 100, 105, 73, 54, 73, 109, 82, 114, 83, 71, 104, 73, 85, 107, 90, 116, 82, 49, 89, 53, 82, 68, 90, 84, 90, 107, 82, 109, 87, 84, 90, 108, 78, 107, 69, 57, 80, 83, 73, 115, 73, 110, 90, 104, 98, 72, 86, 108, 73, 106, 111, 105, 86, 69, 77, 120, 81, 48, 107, 50, 83, 71, 53, 66, 82, 70, 90, 88, 97, 49, 100, 88, 81, 84, 70, 77, 77, 86, 74, 112, 82, 88, 100, 54, 81, 121, 116, 89, 98, 68, 69, 50, 85, 107, 57, 108, 89, 50, 78, 50, 83, 72, 90, 121, 89, 85, 49, 76, 79, 86, 104, 51, 78, 88, 82, 116, 79, 72, 90, 71, 87, 110, 65, 121, 87, 106, 86, 73, 101, 107, 104, 71, 85, 84, 77, 120, 81, 106, 108, 71, 90, 86, 82, 107, 85, 68, 66, 119, 90, 85, 108, 76, 77, 84, 100, 106, 89, 50, 100, 87, 98, 84, 108, 77, 85, 50, 115, 120, 86, 49, 85, 122, 89, 51, 85, 114, 81, 88, 108, 48, 98, 88, 100, 89, 86, 72, 104, 105, 77, 71, 120, 50, 79, 87, 99, 57, 73, 105, 119, 105, 98, 87, 70, 106, 73, 106, 111, 105, 89, 50, 69, 48, 77, 68, 107, 52, 78, 84, 89, 119, 90, 87, 78, 107, 89, 106, 100, 107, 79, 68, 74, 104, 90, 84, 104, 105, 78, 68, 65, 122, 89, 106, 107, 120, 77, 68, 74, 108, 90, 68, 77, 119, 79, 84, 69, 120, 77, 68, 99, 121, 90, 87, 81, 49, 90, 68, 69, 120, 77, 106, 78, 106, 79, 68, 70, 106, 77, 122, 73, 50, 78, 68, 99, 122, 90, 84, 107, 52, 77, 106, 74, 106, 77, 105, 74, 57, 59, 32, 115, 105, 100, 61, 118, 68, 50, 113, 119, 57, 87, 112, 53, 74, 37, 50, 70, 71, 122, 87, 79, 106, 37, 50, 70, 109, 101, 89, 79, 37, 50, 70, 101, 74, 112, 104, 66, 117, 67, 83, 75, 55, 68, 102, 49, 117, 85, 68, 37, 50, 70, 121, 105, 121, 83, 49, 72, 103, 37, 51, 68, 37, 51, 68, 59, 32, 117, 115, 105, 100, 61, 101, 53, 66, 51, 57, 84, 113, 57, 117, 88, 118, 84, 65, 86, 53, 81, 100, 52, 116, 86, 99, 37, 50, 70, 112, 75, 102, 113, 105, 55, 109, 76, 80, 107, 102, 108, 75, 113, 70, 72, 56, 115, 104, 37, 50, 70, 109, 71, 118, 65, 37, 51, 68, 37, 51, 68, 59, 32, 97, 115, 105, 100, 61, 101, 77, 80, 56, 74, 87, 115, 82, 55, 104, 87, 118, 100, 115, 106, 101, 121, 104, 110, 97, 122, 85, 71, 106, 98, 37, 50, 70, 56, 51, 74, 97, 117, 98, 52, 49, 48, 97, 65, 67, 56, 87, 103, 113, 101, 110, 80, 103, 37, 51, 68, 37, 51, 68]

--> C:\Users\Andrew\.cargo\registry\src\github.com-1ecc6299db9ec823\hyper-0.10.13\src\server\request.rs:41
Request Line: Get AbsolutePath("/css/font-awesome.min.css") Http11
raw header: "Referer"=[104, 116, 116, 112, 58, 47, 47, 108, 111, 99, 97, 108, 104, 111, 115, 116, 58, 56, 48, 48, 48, 47, 117, 115, 101, 114]

--> C:\Users\Andrew\.cargo\registry\src\github.com-1ecc6299db9ec823\hyper-0.10.13\src\server\request.rs:41
Request Line: Get AbsolutePath("/css/blog.css") Http11

--> C:\Users\Andrew\.cargo\registry\src\github.com-1ecc6299db9ec823\hyper-0.10.13\src\server\request.rs:42
Headers { Host: localhost:8000
, Connection: keep-alive
, User-Agent: Mozilla/5.0 (Windows NT 10.0; Win64; x64) AppleWebKit/537.36 (KHTML, like Gecko) Chrome/61.0.3163.100 Safari/537.36
, Accept: text/css,*/*;q=0.1
, DNT: 1
, Referer: http://localhost:8000/user
, Accept-Encoding: gzip, deflate, br
, Accept-Language: en-US,en;q=0.8
, Cookie: remember_web_59ba36addc2b2f9401580f014c7f58ea4e30989d=eyJpdiI6ImRrSGhIUkZtR1Y5RDZTZkRmWTZlNkE9PSIsInZhbHVlIjoiVEMxQ0k2SG5BRFZXa1dXQTFMMVJpRXd6QytYbDE2Uk9lY2N2SHZyYU1LOVh3NXRtOHZGWnAyWjVIekhGUTMxQjlGZVRkUDBwZUlLMTdjY2dWbTlMU2sxV1UzY3UrQXl0bXdYVHhiMGx2OWc9IiwibWFjIjoiY2E0MDk4NTYwZWNkYjdkODJhZThiNDAzYjkxMDJlZDMwOTExMDcyZWQ1ZDExMjNjODFjMzI2NDczZTk4MjJjMiJ9; sid=vD2qw9Wp5J%2FGzWOj%2FmeYO%2FeJphBuCSK7Df1uUD%2FyiyS1Hg%3D%3D; usid=e5B39Tq9uXvTAV5Qd4tVc%2FpKfqi7mLPkflKqFH8sh%2FmGvA%3D%3D; asid=eMP8JWsR7hWvdsjeyhnazUGjb%2F83Jaub410aAC8WgqenPg%3D%3D
, }
raw header: "Accept-Encoding"=[103, 122, 105, 112, 44, 32, 100, 101, 102, 108, 97, 116, 101, 44, 32, 98, 114]

--> should_keep_alive( Http11, Some(Connection([KeepAlive])) )
raw header: "Accept-Language"=[101, 110, 45, 85, 83, 44, 101, 110, 59, 113, 61, 48, 46, 56]
C:\Users\Andrew\.cargo\registry\src\github.com-1ecc6299db9ec823\hyper-0.10.13\src\server\request.rs:42
Headers { Host: localhost:8000
, Connection: keep-alive
, User-Agent: Mozilla/5.0 (Windows NT 10.0; Win64; x64) AppleWebKit/537.36 (KHTML, like Gecko) Chrome/61.0.3163.100 Safari/537.36
, Accept: text/css,*/*;q=0.1
, DNT: 1
, Referer: http://localhost:8000/user
, Accept-Encoding: gzip, deflate, br
, Accept-Language: en-US,en;q=0.8
, Cookie: remember_web_59ba36addc2b2f9401580f014c7f58ea4e30989d=eyJpdiI6ImRrSGhIUkZtR1Y5RDZTZkRmWTZlNkE9PSIsInZhbHVlIjoiVEMxQ0k2SG5BRFZXa1dXQTFMMVJpRXd6QytYbDE2Uk9lY2N2SHZyYU1LOVh3NXRtOHZGWnAyWjVIekhGUTMxQjlGZVRkUDBwZUlLMTdjY2dWbTlMU2sxV1UzY3UrQXl0bXdYVHhiMGx2OWc9IiwibWFjIjoiY2E0MDk4NTYwZWNkYjdkODJhZThiNDAzYjkxMDJlZDMwOTExMDcyZWQ1ZDExMjNjODFjMzI2NDczZTk4MjJjMiJ9; sid=vD2qw9Wp5J%2FGzWOj%2FmeYO%2FeJphBuCSK7Df1uUD%2FyiyS1Hg%3D%3D; usid=e5B39Tq9uXvTAV5Qd4tVc%2FpKfqi7mLPkflKqFH8sh%2FmGvA%3D%3D; asid=eMP8JWsR7hWvdsjeyhnazUGjb%2F83Jaub410aAC8WgqenPg%3D%3D
, }
    => Hyper buffer: [0..0] (0 bytes).
raw header: "Cookie"=[114, 101, 109, 101, 109, 98, 101, 114, 95, 119, 101, 98, 95, 53, 57, 98, 97, 51, 54, 97, 100, 100, 99, 50, 98, 50, 102, 57, 52, 48, 49, 53, 56, 48, 102, 48, 49, 52, 99, 55, 102, 53, 56, 101, 97, 52, 101, 51, 48, 57, 56, 57, 100, 61, 101, 121, 74, 112, 100, 105, 73, 54, 73, 109, 82, 114, 83, 71, 104, 73, 85, 107, 90, 116, 82, 49, 89, 53, 82, 68, 90, 84, 90, 107, 82, 109, 87, 84, 90, 108, 78, 107, 69, 57, 80, 83, 73, 115, 73, 110, 90, 104, 98, 72, 86, 108, 73, 106, 111, 105, 86, 69, 77, 120, 81, 48, 107, 50, 83, 71, 53, 66, 82, 70, 90, 88, 97, 49, 100, 88, 81, 84, 70, 77, 77, 86, 74, 112, 82, 88, 100, 54, 81, 121, 116, 89, 98, 68, 69, 50, 85, 107, 57, 108, 89, 50, 78, 50, 83, 72, 90, 121, 89, 85, 49, 76, 79, 86, 104, 51, 78, 88, 82, 116, 79, 72, 90, 71, 87, 110, 65, 121, 87, 106, 86, 73, 101, 107, 104, 71, 85, 84, 77, 120, 81, 106, 108, 71, 90, 86, 82, 107, 85, 68, 66, 119, 90, 85, 108, 76, 77, 84, 100, 106, 89, 50, 100, 87, 98, 84, 108, 77, 85, 50, 115, 120, 86, 49, 85, 122, 89, 51, 85, 114, 81, 88, 108, 48, 98, 88, 100, 89, 86, 72, 104, 105, 77, 71, 120, 50, 79, 87, 99, 57, 73, 105, 119, 105, 98, 87, 70, 106, 73, 106, 111, 105, 89, 50, 69, 48, 77, 68, 107, 52, 78, 84, 89, 119, 90, 87, 78, 107, 89, 106, 100, 107, 79, 68, 74, 104, 90, 84, 104, 105, 78, 68, 65, 122, 89, 106, 107, 120, 77, 68, 74, 108, 90, 68, 77, 119, 79, 84, 69, 120, 77, 68, 99, 121, 90, 87, 81, 49, 90, 68, 69, 120, 77, 106, 78, 106, 79, 68, 70, 106, 77, 122, 73, 50, 78, 68, 99, 122, 90, 84, 107, 52, 77, 106, 74, 106, 77, 105, 74, 57, 59, 32, 115, 105, 100, 61, 118, 68, 50, 113, 119, 57, 87, 112, 53, 74, 37, 50, 70, 71, 122, 87, 79, 106, 37, 50, 70, 109, 101, 89, 79, 37, 50, 70, 101, 74, 112, 104, 66, 117, 67, 83, 75, 55, 68, 102, 49, 117, 85, 68, 37, 50, 70, 121, 105, 121, 83, 49, 72, 103, 37, 51, 68, 37, 51, 68, 59, 32, 117, 115, 105, 100, 61, 101, 53, 66, 51, 57, 84, 113, 57, 117, 88, 118, 84, 65, 86, 53, 81, 100, 52, 116, 86, 99, 37, 50, 70, 112, 75, 102, 113, 105, 55, 109, 76, 80, 107, 102, 108, 75, 113, 70, 72, 56, 115, 104, 37, 50, 70, 109, 71, 118, 65, 37, 51, 68, 37, 51, 68, 59, 32, 97, 115, 105, 100, 61, 101, 77, 80, 56, 74, 87, 115, 82, 55, 104, 87, 118, 100, 115, 106, 101, 121, 104, 110, 97, 122, 85, 71, 106, 98, 37, 50, 70, 56, 51, 74, 97, 117, 98, 52, 49, 48, 97, 65, 67, 56, 87, 103, 113, 101, 110, 80, 103, 37, 51, 68, 37, 51, 68]
should_keep_alive( Http11, Some(Connection([KeepAlive])) )
    => Date::new(EmptyReader)

--> C:\Users\Andrew\.cargo\registry\src\github.com-1ecc6299db9ec823\hyper-0.10.13\src\server\request.rs:41
    =>     => Request Line: Get AbsolutePath("/blog.js") Http11
Hyper buffer: [0..0] (0 bytes).
Filled peek buf with 0 bytes.

--> C:\Users\Andrew\.cargo\registry\src\github.com-1ecc6299db9ec823\hyper-0.10.13\src\server\request.rs:42
Headers { Host: localhost:8000
, Connection: keep-alive
, User-Agent: Mozilla/5.0 (Windows NT 10.0; Win64; x64) AppleWebKit/537.36 (KHTML, like Gecko) Chrome/61.0.3163.100 Safari/537.36
, Accept: */*
, DNT: 1
, Referer: http://localhost:8000/user
, Accept-Encoding: gzip, deflate, br
, Accept-Language: en-US,en;q=0.8
, Cookie: remember_web_59ba36addc2b2f9401580f014c7f58ea4e30989d=eyJpdiI6ImRrSGhIUkZtR1Y5RDZTZkRmWTZlNkE9PSIsInZhbHVlIjoiVEMxQ0k2SG5BRFZXa1dXQTFMMVJpRXd6QytYbDE2Uk9lY2N2SHZyYU1LOVh3NXRtOHZGWnAyWjVIekhGUTMxQjlGZVRkUDBwZUlLMTdjY2dWbTlMU2sxV1UzY3UrQXl0bXdYVHhiMGx2OWc9IiwibWFjIjoiY2E0MDk4NTYwZWNkYjdkODJhZThiNDAzYjkxMDJlZDMwOTExMDcyZWQ1ZDExMjNjODFjMzI2NDczZTk4MjJjMiJ9; sid=vD2qw9Wp5J%2FGzWOj%2FmeYO%2FeJphBuCSK7Df1uUD%2FyiyS1Hg%3D%3D; usid=e5B39Tq9uXvTAV5Qd4tVc%2FpKfqi7mLPkflKqFH8sh%2FmGvA%3D%3D; asid=eMP8JWsR7hWvdsjeyhnazUGjb%2F83Jaub410aAC8WgqenPg%3D%3D
, }
    => Date::new(EmptyReader)
    => Peek bytes: 0/512 bytes.
    => GET /css/font-awesome.min.css text/css:
should_keep_alive( Http11, Some(Connection([KeepAlive])) )
Filled peek buf with 0 bytes.
    =>     => Routing the request: GET /css/font-awesome.min.css text/css
    => Peek bytes: 0/512 bytes.
Hyper buffer: [0..0] (0 bytes).
    =>     => All matches: [GET /<file..> [10]]
Date::new(EmptyReader)
GET /css/blog.css text/css:
    => Matched: GET /<file..> [10]
    => Filled peek buf with 0 bytes.
    =>     =>     => Routing the request: GET /css/blog.css text/css
Outcome: Success
Peek bytes: 0/512 bytes.
    => GET /blog.js:
Headers.append_raw( "Content-Type", [116, 101, 120, 116, 47, 99, 115, 115, 59, 32, 99, 104, 97, 114, 115, 101, 116, 61, 117, 116, 102, 45, 56] )
All matches: [GET /<file..> [10]]
    =>     => Headers.append_raw( "Server", [82, 111, 99, 107, 101, 116] )
Routing the request: GET /blog.js
Matched: GET /<file..> [10]

--> C:\Users\Andrew\.cargo\registry\src\github.com-1ecc6299db9ec823\hyper-0.10.13\src\server\response.rs:84
writing head: Http11 Ok
    => Outcome: Success
    => All matches: [GET /<file..> [10]]
Headers.set( "Date", Date(HttpDate(Tm { tm_sec: 48, tm_min: 6, tm_hour: 0, tm_mday: 17, tm_mon: 9, tm_year: 117, tm_wday: 2, tm_yday: 290, tm_isdst: 0, tm_utcoff: 0, tm_nsec: 778347300 })) )
Headers.append_raw( "Content-Type", [116, 101, 120, 116, 47, 99, 115, 115, 59, 32, 99, 104, 97, 114, 115, 101, 116, 61, 117, 116, 102, 45, 56] )
    => Matched: GET /<file..> [10]
Headers.set( "Transfer-Encoding", TransferEncoding([Chunked]) )
    => Headers.append_raw( "Server", [82, 111, 99, 107, 101, 116] )
Outcome: Success

--> C:\Users\Andrew\.cargo\registry\src\github.com-1ecc6299db9ec823\hyper-0.10.13\src\server\response.rs:119
headers [
Headers { Content-Type: text/css; charset=utf-8
, Server: Rocket
, Date: Tue, 17 Oct 2017 00:06:48 GMT
, Transfer-Encoding: chunked
, }]

--> C:\Users\Andrew\.cargo\registry\src\github.com-1ecc6299db9ec823\hyper-0.10.13\src\server\response.rs:84
writing head: Http11 Ok

--> C:\Users\Andrew\.cargo\registry\src\github.com-1ecc6299db9ec823\hyper-0.10.13\src\server\response.rs:220
write 4096 bytes
Headers.append_raw( "Content-Type", [97, 112, 112, 108, 105, 99, 97, 116, 105, 111, 110, 47, 106, 97, 118, 97, 115, 99, 114, 105, 112, 116] )
Headers.set( "Date", Date(HttpDate(Tm { tm_sec: 48, tm_min: 6, tm_hour: 0, tm_mday: 17, tm_mon: 9, tm_year: 117, tm_wday: 2, tm_yday: 290, tm_isdst: 0, tm_utcoff: 0, tm_nsec: 785365400 })) )
chunked write, size = 4096
Headers.append_raw( "Server", [82, 111, 99, 107, 101, 116] )
Headers.set( "Transfer-Encoding", TransferEncoding([Chunked]) )

--> C:\Users\Andrew\.cargo\registry\src\github.com-1ecc6299db9ec823\hyper-0.10.13\src\server\response.rs:220
write 4096 bytes

--> C:\Users\Andrew\.cargo\registry\src\github.com-1ecc6299db9ec823\hyper-0.10.13\src\server\response.rs:84
writing head: Http11 Ok

--> C:\Users\Andrew\.cargo\registry\src\github.com-1ecc6299db9ec823\hyper-0.10.13\src\server\response.rs:119
headers [
Headers { Content-Type: text/css; charset=utf-8
, Server: Rocket
, Date: Tue, 17 Oct 2017 00:06:48 GMT
, Transfer-Encoding: chunked
, }]
chunked write, size = 4096

--> C:\Users\Andrew\.cargo\registry\src\github.com-1ecc6299db9ec823\hyper-0.10.13\src\server\response.rs:220

--> C:\Users\Andrew\.cargo\registry\src\github.com-1ecc6299db9ec823\hyper-0.10.13\src\server\response.rs:220
write 4096 bytes
write 123 bytes
Headers.set( "Date", Date(HttpDate(Tm { tm_sec: 48, tm_min: 6, tm_hour: 0, tm_mday: 17, tm_mon: 9, tm_year: 117, tm_wday: 2, tm_yday: 290, tm_isdst: 0, tm_utcoff: 0, tm_nsec: 788372900 })) )
chunked write, size = 4096
chunked write, size = 123
Headers.set( "Transfer-Encoding", TransferEncoding([Chunked]) )

--> C:\Users\Andrew\.cargo\registry\src\github.com-1ecc6299db9ec823\hyper-0.10.13\src\server\response.rs:220
write 4096 bytes
ending

--> C:\Users\Andrew\.cargo\registry\src\github.com-1ecc6299db9ec823\hyper-0.10.13\src\server\response.rs:119
headers [
Headers { Content-Type: application/javascript
, Server: Rocket
, Date: Tue, 17 Oct 2017 00:06:48 GMT
, Transfer-Encoding: chunked
, }]
chunked write, size = 4096

--> C:\Users\Andrew\.cargo\registry\src\github.com-1ecc6299db9ec823\hyper-0.10.13\src\server\response.rs:220
write 448 bytes

--> C:\Users\Andrew\.cargo\registry\src\github.com-1ecc6299db9ec823\hyper-0.10.13\src\server\response.rs:220
write 4096 bytes
chunked write, size = 0
chunked write, size = 448
    => Response succeeded.
chunked write, size = 4096
ending
should_keep_alive( Http11, None )

--> C:\Users\Andrew\.cargo\registry\src\github.com-1ecc6299db9ec823\hyper-0.10.13\src\server\response.rs:220
write 4096 bytes
chunked write, size = 4096
chunked write, size = 0

--> C:\Users\Andrew\.cargo\registry\src\github.com-1ecc6299db9ec823\hyper-0.10.13\src\server\mod.rs:346
keep_alive = true for [::1]:59106

--> C:\Users\Andrew\.cargo\registry\src\github.com-1ecc6299db9ec823\hyper-0.10.13\src\server\response.rs:220
write 4096 bytes
    => chunked write, size = 4096
get_buf []
read_into_buf buf[0..4096]
Response succeeded.

--> C:\Users\Andrew\.cargo\registry\src\github.com-1ecc6299db9ec823\hyper-0.10.13\src\server\response.rs:220
write 2328 bytes
should_keep_alive( Http11, None )
chunked write, size = 2328

--> C:\Users\Andrew\.cargo\registry\src\github.com-1ecc6299db9ec823\hyper-0.10.13\src\server\mod.rs:346
keep_alive = true for [::1]:59107
ending
get_buf []
chunked write, size = 0
read_into_buf buf[0..4096]
    => Response succeeded.
should_keep_alive( Http11, None )

--> C:\Users\Andrew\.cargo\registry\src\github.com-1ecc6299db9ec823\hyper-0.10.13\src\server\mod.rs:346
keep_alive = true for [::1]:59103
get_buf []
read_into_buf buf[0..4096]
get_buf [u8; 4096][0..1142]
try_parse([80, 79, 83, 84, 32, 47, 117, 115, 101, 114, 32, 72, 84, 84, 80, 47, 49, 46, 49, 13, 10, 72, 111, 115, 116, 58, 32, 108, 111, 99, 97, 108, 104, 111, 115, 116, 58, 56, 48, 48, 48, 13, 10, 67, 111, 110, 110, 101, 99, 116, 105, 111, 110, 58, 32, 107, 101, 101, 112, 45, 97, 108, 105, 118, 101, 13, 10, 67, 111, 110, 116, 101, 110, 116, 45, 76, 101, 110, 103, 116, 104, 58, 32, 50, 53, 13, 10, 67, 97, 99, 104, 101, 45, 67, 111, 110, 116, 114, 111, 108, 58, 32, 109, 97, 120, 45, 97, 103, 101, 61, 48, 13, 10, 79, 114, 105, 103, 105, 110, 58, 32, 104, 116, 116, 112, 58, 47, 47, 108, 111, 99, 97, 108, 104, 111, 115, 116, 58, 56, 48, 48, 48, 13, 10, 85, 112, 103, 114, 97, 100, 101, 45, 73, 110, 115, 101, 99, 117, 114, 101, 45, 82, 101, 113, 117, 101, 115, 116, 115, 58, 32, 49, 13, 10, 67, 111, 110, 116, 101, 110, 116, 45, 84, 121, 112, 101, 58, 32, 97, 112, 112, 108, 105, 99, 97, 116, 105, 111, 110, 47, 120, 45, 119, 119, 119, 45, 102, 111, 114, 109, 45, 117, 114, 108, 101, 110, 99, 111, 100, 101, 100, 13, 10, 85, 115, 101, 114, 45, 65, 103, 101, 110, 116, 58, 32, 77, 111, 122, 105, 108, 108, 97, 47, 53, 46, 48, 32, 40, 87, 105, 110, 100, 111, 119, 115, 32, 78, 84, 32, 49, 48, 46, 48, 59, 32, 87, 105, 110, 54, 52, 59, 32, 120, 54, 52, 41, 32, 65, 112, 112, 108, 101, 87, 101, 98, 75, 105, 116, 47, 53, 51, 55, 46, 51, 54, 32, 40, 75, 72, 84, 77, 76, 44, 32, 108, 105, 107, 101, 32, 71, 101, 99, 107, 111, 41, 32, 67, 104, 114, 111, 109, 101, 47, 54, 49, 46, 48, 46, 51, 49, 54, 51, 46, 49, 48, 48, 32, 83, 97, 102, 97, 114, 105, 47, 53, 51, 55, 46, 51, 54, 13, 10, 65, 99, 99, 101, 112, 116, 58, 32, 116, 101, 120, 116, 47, 104, 116, 109, 108, 44, 97, 112, 112, 108, 105, 99, 97, 116, 105, 111, 110, 47, 120, 104, 116, 109, 108, 43, 120, 109, 108, 44, 97, 112, 112, 108, 105, 99, 97, 116, 105, 111, 110, 47, 120, 109, 108, 59, 113, 61, 48, 46, 57, 44, 105, 109, 97, 103, 101, 47, 119, 101, 98, 112, 44, 105, 109, 97, 103, 101, 47, 97, 112, 110, 103, 44, 42, 47, 42, 59, 113, 61, 48, 46, 56, 13, 10, 68, 78, 84, 58, 32, 49, 13, 10, 82, 101, 102, 101, 114, 101, 114, 58, 32, 104, 116, 116, 112, 58, 47, 47, 108, 111, 99, 97, 108, 104, 111, 115, 116, 58, 56, 48, 48, 48, 47, 117, 115, 101, 114, 13, 10, 65, 99, 99, 101, 112, 116, 45, 69, 110, 99, 111, 100, 105, 110, 103, 58, 32, 103, 122, 105, 112, 44, 32, 100, 101, 102, 108, 97, 116, 101, 44, 32, 98, 114, 13, 10, 65, 99, 99, 101, 112, 116, 45, 76, 97, 110, 103, 117, 97, 103, 101, 58, 32, 101, 110, 45, 85, 83, 44, 101, 110, 59, 113, 61, 48, 46, 56, 13, 10, 67, 111, 111, 107, 105, 101, 58, 32, 114, 101, 109, 101, 109, 98, 101, 114, 95, 119, 101, 98, 95, 53, 57, 98, 97, 51, 54, 97, 100, 100, 99, 50, 98, 50, 102, 57, 52, 48, 49, 53, 56, 48, 102, 48, 49, 52, 99, 55, 102, 53, 56, 101, 97, 52, 101, 51, 48, 57, 56, 57, 100, 61, 101, 121, 74, 112, 100, 105, 73, 54, 73, 109, 82, 114, 83, 71, 104, 73, 85, 107, 90, 116, 82, 49, 89, 53, 82, 68, 90, 84, 90, 107, 82, 109, 87, 84, 90, 108, 78, 107, 69, 57, 80, 83, 73, 115, 73, 110, 90, 104, 98, 72, 86, 108, 73, 106, 111, 105, 86, 69, 77, 120, 81, 48, 107, 50, 83, 71, 53, 66, 82, 70, 90, 88, 97, 49, 100, 88, 81, 84, 70, 77, 77, 86, 74, 112, 82, 88, 100, 54, 81, 121, 116, 89, 98, 68, 69, 50, 85, 107, 57, 108, 89, 50, 78, 50, 83, 72, 90, 121, 89, 85, 49, 76, 79, 86, 104, 51, 78, 88, 82, 116, 79, 72, 90, 71, 87, 110, 65, 121, 87, 106, 86, 73, 101, 107, 104, 71, 85, 84, 77, 120, 81, 106, 108, 71, 90, 86, 82, 107, 85, 68, 66, 119, 90, 85, 108, 76, 77, 84, 100, 106, 89, 50, 100, 87, 98, 84, 108, 77, 85, 50, 115, 120, 86, 49, 85, 122, 89, 51, 85, 114, 81, 88, 108, 48, 98, 88, 100, 89, 86, 72, 104, 105, 77, 71, 120, 50, 79, 87, 99, 57, 73, 105, 119, 105, 98, 87, 70, 106, 73, 106, 111, 105, 89, 50, 69, 48, 77, 68, 107, 52, 78, 84, 89, 119, 90, 87, 78, 107, 89, 106, 100, 107, 79, 68, 74, 104, 90, 84, 104, 105, 78, 68, 65, 122, 89, 106, 107, 120, 77, 68, 74, 108, 90, 68, 77, 119, 79, 84, 69, 120, 77, 68, 99, 121, 90, 87, 81, 49, 90, 68, 69, 120, 77, 106, 78, 106, 79, 68, 70, 106, 77, 122, 73, 50, 78, 68, 99, 122, 90, 84, 107, 52, 77, 106, 74, 106, 77, 105, 74, 57, 59, 32, 115, 105, 100, 61, 118, 68, 50, 113, 119, 57, 87, 112, 53, 74, 37, 50, 70, 71, 122, 87, 79, 106, 37, 50, 70, 109, 101, 89, 79, 37, 50, 70, 101, 74, 112, 104, 66, 117, 67, 83, 75, 55, 68, 102, 49, 117, 85, 68, 37, 50, 70, 121, 105, 121, 83, 49, 72, 103, 37, 51, 68, 37, 51, 68, 59, 32, 117, 115, 105, 100, 61, 101, 53, 66, 51, 57, 84, 113, 57, 117, 88, 118, 84, 65, 86, 53, 81, 100, 52, 116, 86, 99, 37, 50, 70, 112, 75, 102, 113, 105, 55, 109, 76, 80, 107, 102, 108, 75, 113, 70, 72, 56, 115, 104, 37, 50, 70, 109, 71, 118, 65, 37, 51, 68, 37, 51, 68, 59, 32, 97, 115, 105, 100, 61, 101, 77, 80, 56, 74, 87, 115, 82, 55, 104, 87, 118, 100, 115, 106, 101, 121, 104, 110, 97, 122, 85, 71, 106, 98, 37, 50, 70, 56, 51, 74, 97, 117, 98, 52, 49, 48, 97, 65, 67, 56, 87, 103, 113, 101, 110, 80, 103, 37, 51, 68, 37, 51, 68, 13, 10, 13, 10, 117, 115, 101, 114, 110, 97, 109, 101, 61, 97, 110, 100, 114, 101, 119, 38, 112, 97, 115, 115, 119, 111, 114, 100, 61])
Request.try_parse([Header; 100], [u8; 1142])
Request.try_parse Complete(1117)
raw header: "Host"=[108, 111, 99, 97, 108, 104, 111, 115, 116, 58, 56, 48, 48, 48]
raw header: "Connection"=[107, 101, 101, 112, 45, 97, 108, 105, 118, 101]
raw header: "Content-Length"=[50, 53]
raw header: "Cache-Control"=[109, 97, 120, 45, 97, 103, 101, 61, 48]
raw header: "Origin"=[104, 116, 116, 112, 58, 47, 47, 108, 111, 99, 97, 108, 104, 111, 115, 116, 58, 56, 48, 48, 48]
raw header: "Upgrade-Insecure-Requests"=[49]
raw header: "Content-Type"=[97, 112, 112, 108, 105, 99, 97, 116, 105, 111, 110, 47, 120, 45, 119, 119, 119, 45, 102, 111, 114, 109, 45, 117, 114, 108, 101, 110, 99, 111, 100, 101, 100]
raw header: "User-Agent"=[77, 111, 122, 105, 108, 108, 97, 47, 53, 46, 48, 32, 40, 87, 105, 110, 100, 111, 119, 115, 32, 78, 84, 32, 49, 48, 46, 48, 59, 32, 87, 105, 110, 54, 52, 59, 32, 120, 54, 52, 41, 32, 65, 112, 112, 108, 101, 87, 101, 98, 75, 105, 116, 47, 53, 51, 55, 46, 51, 54, 32, 40, 75, 72, 84, 77, 76, 44, 32, 108, 105, 107, 101, 32, 71, 101, 99, 107, 111, 41, 32, 67, 104, 114, 111, 109, 101, 47, 54, 49, 46, 48, 46, 51, 49, 54, 51, 46, 49, 48, 48, 32, 83, 97, 102, 97, 114, 105, 47, 53, 51, 55, 46, 51, 54]
raw header: "Accept"=[116, 101, 120, 116, 47, 104, 116, 109, 108, 44, 97, 112, 112, 108, 105, 99, 97, 116, 105, 111, 110, 47, 120, 104, 116, 109, 108, 43, 120, 109, 108, 44, 97, 112, 112, 108, 105, 99, 97, 116, 105, 111, 110, 47, 120, 109, 108, 59, 113, 61, 48, 46, 57, 44, 105, 109, 97, 103, 101, 47, 119, 101, 98, 112, 44, 105, 109, 97, 103, 101, 47, 97, 112, 110, 103, 44, 42, 47, 42, 59, 113, 61, 48, 46, 56]
raw header: "DNT"=[49]
raw header: "Referer"=[104, 116, 116, 112, 58, 47, 47, 108, 111, 99, 97, 108, 104, 111, 115, 116, 58, 56, 48, 48, 48, 47, 117, 115, 101, 114]
raw header: "Accept-Encoding"=[103, 122, 105, 112, 44, 32, 100, 101, 102, 108, 97, 116, 101, 44, 32, 98, 114]
raw header: "Accept-Language"=[101, 110, 45, 85, 83, 44, 101, 110, 59, 113, 61, 48, 46, 56]
raw header: "Cookie"=[114, 101, 109, 101, 109, 98, 101, 114, 95, 119, 101, 98, 95, 53, 57, 98, 97, 51, 54, 97, 100, 100, 99, 50, 98, 50, 102, 57, 52, 48, 49, 53, 56, 48, 102, 48, 49, 52, 99, 55, 102, 53, 56, 101, 97, 52, 101, 51, 48, 57, 56, 57, 100, 61, 101, 121, 74, 112, 100, 105, 73, 54, 73, 109, 82, 114, 83, 71, 104, 73, 85, 107, 90, 116, 82, 49, 89, 53, 82, 68, 90, 84, 90, 107, 82, 109, 87, 84, 90, 108, 78, 107, 69, 57, 80, 83, 73, 115, 73, 110, 90, 104, 98, 72, 86, 108, 73, 106, 111, 105, 86, 69, 77, 120, 81, 48, 107, 50, 83, 71, 53, 66, 82, 70, 90, 88, 97, 49, 100, 88, 81, 84, 70, 77, 77, 86, 74, 112, 82, 88, 100, 54, 81, 121, 116, 89, 98, 68, 69, 50, 85, 107, 57, 108, 89, 50, 78, 50, 83, 72, 90, 121, 89, 85, 49, 76, 79, 86, 104, 51, 78, 88, 82, 116, 79, 72, 90, 71, 87, 110, 65, 121, 87, 106, 86, 73, 101, 107, 104, 71, 85, 84, 77, 120, 81, 106, 108, 71, 90, 86, 82, 107, 85, 68, 66, 119, 90, 85, 108, 76, 77, 84, 100, 106, 89, 50, 100, 87, 98, 84, 108, 77, 85, 50, 115, 120, 86, 49, 85, 122, 89, 51, 85, 114, 81, 88, 108, 48, 98, 88, 100, 89, 86, 72, 104, 105, 77, 71, 120, 50, 79, 87, 99, 57, 73, 105, 119, 105, 98, 87, 70, 106, 73, 106, 111, 105, 89, 50, 69, 48, 77, 68, 107, 52, 78, 84, 89, 119, 90, 87, 78, 107, 89, 106, 100, 107, 79, 68, 74, 104, 90, 84, 104, 105, 78, 68, 65, 122, 89, 106, 107, 120, 77, 68, 74, 108, 90, 68, 77, 119, 79, 84, 69, 120, 77, 68, 99, 121, 90, 87, 81, 49, 90, 68, 69, 120, 77, 106, 78, 106, 79, 68, 70, 106, 77, 122, 73, 50, 78, 68, 99, 122, 90, 84, 107, 52, 77, 106, 74, 106, 77, 105, 74, 57, 59, 32, 115, 105, 100, 61, 118, 68, 50, 113, 119, 57, 87, 112, 53, 74, 37, 50, 70, 71, 122, 87, 79, 106, 37, 50, 70, 109, 101, 89, 79, 37, 50, 70, 101, 74, 112, 104, 66, 117, 67, 83, 75, 55, 68, 102, 49, 117, 85, 68, 37, 50, 70, 121, 105, 121, 83, 49, 72, 103, 37, 51, 68, 37, 51, 68, 59, 32, 117, 115, 105, 100, 61, 101, 53, 66, 51, 57, 84, 113, 57, 117, 88, 118, 84, 65, 86, 53, 81, 100, 52, 116, 86, 99, 37, 50, 70, 112, 75, 102, 113, 105, 55, 109, 76, 80, 107, 102, 108, 75, 113, 70, 72, 56, 115, 104, 37, 50, 70, 109, 71, 118, 65, 37, 51, 68, 37, 51, 68, 59, 32, 97, 115, 105, 100, 61, 101, 77, 80, 56, 74, 87, 115, 82, 55, 104, 87, 118, 100, 115, 106, 101, 121, 104, 110, 97, 122, 85, 71, 106, 98, 37, 50, 70, 56, 51, 74, 97, 117, 98, 52, 49, 48, 97, 65, 67, 56, 87, 103, 113, 101, 110, 80, 103, 37, 51, 68, 37, 51, 68]

--> C:\Users\Andrew\.cargo\registry\src\github.com-1ecc6299db9ec823\hyper-0.10.13\src\server\request.rs:41
Request Line: Post AbsolutePath("/user") Http11

--> C:\Users\Andrew\.cargo\registry\src\github.com-1ecc6299db9ec823\hyper-0.10.13\src\server\request.rs:42
Headers { Host: localhost:8000
, Connection: keep-alive
, Content-Length: 25
, Cache-Control: max-age=0
, Origin: http://localhost:8000
, Upgrade-Insecure-Requests: 1
, Content-Type: application/x-www-form-urlencoded
, User-Agent: Mozilla/5.0 (Windows NT 10.0; Win64; x64) AppleWebKit/537.36 (KHTML, like Gecko) Chrome/61.0.3163.100 Safari/537.36
, Accept: text/html,application/xhtml+xml,application/xml;q=0.9,image/webp,image/apng,*/*;q=0.8
, DNT: 1
, Referer: http://localhost:8000/user
, Accept-Encoding: gzip, deflate, br
, Accept-Language: en-US,en;q=0.8
, Cookie: remember_web_59ba36addc2b2f9401580f014c7f58ea4e30989d=eyJpdiI6ImRrSGhIUkZtR1Y5RDZTZkRmWTZlNkE9PSIsInZhbHVlIjoiVEMxQ0k2SG5BRFZXa1dXQTFMMVJpRXd6QytYbDE2Uk9lY2N2SHZyYU1LOVh3NXRtOHZGWnAyWjVIekhGUTMxQjlGZVRkUDBwZUlLMTdjY2dWbTlMU2sxV1UzY3UrQXl0bXdYVHhiMGx2OWc9IiwibWFjIjoiY2E0MDk4NTYwZWNkYjdkODJhZThiNDAzYjkxMDJlZDMwOTExMDcyZWQ1ZDExMjNjODFjMzI2NDczZTk4MjJjMiJ9; sid=vD2qw9Wp5J%2FGzWOj%2FmeYO%2FeJphBuCSK7Df1uUD%2FyiyS1Hg%3D%3D; usid=e5B39Tq9uXvTAV5Qd4tVc%2FpKfqi7mLPkflKqFH8sh%2FmGvA%3D%3D; asid=eMP8JWsR7hWvdsjeyhnazUGjb%2F83Jaub410aAC8WgqenPg%3D%3D
, }
should_keep_alive( Http11, Some(Connection([KeepAlive])) )
    => Hyper buffer: [1117..1142] (25 bytes).
    => Date::new(SizedReader(remaining=25))
Sized read, remaining=25
Sized read: 25
Sized read, remaining=0
    => Filled peek buf with 25 bytes.
    => Peek bytes: 25/512 bytes.
POST /user application/x-www-form-urlencoded:
    => Routing the request: POST /user application/x-www-form-urlencoded
    => All matches: [POST /user]
    => Matched: POST /user
    => DataStream::read()
    => DataStream::read()
Sized read, remaining=0
    => Error: Failed to parse value from form: "invalid form"
    => Outcome: Failure
    => Warning: Responding with 422 Unprocessable Entity catcher.
Headers.append_raw( "Content-Type", [116, 101, 120, 116, 47, 104, 116, 109, 108, 59, 32, 99, 104, 97, 114, 115, 101, 116, 61, 117, 116, 102, 45, 56] )
Headers.append_raw( "Server", [82, 111, 99, 107, 101, 116] )
Headers.set( "Content-Length", ContentLength(573) )

--> C:\Users\Andrew\.cargo\registry\src\github.com-1ecc6299db9ec823\hyper-0.10.13\src\server\response.rs:84
writing head: Http11 UnprocessableEntity
Headers.set( "Date", Date(HttpDate(Tm { tm_sec: 51, tm_min: 6, tm_hour: 0, tm_mday: 17, tm_mon: 9, tm_year: 117, tm_wday: 2, tm_yday: 290, tm_isdst: 0, tm_utcoff: 0, tm_nsec: 273343400 })) )

--> C:\Users\Andrew\.cargo\registry\src\github.com-1ecc6299db9ec823\hyper-0.10.13\src\server\response.rs:119
headers [
Headers { Content-Type: text/html; charset=utf-8
, Server: Rocket
, Content-Length: 573
, Date: Tue, 17 Oct 2017 00:06:51 GMT
, }]

--> C:\Users\Andrew\.cargo\registry\src\github.com-1ecc6299db9ec823\hyper-0.10.13\src\server\response.rs:220
write 573 bytes
ending
    => Response succeeded.
should_keep_alive( Http11, None )

--> C:\Users\Andrew\.cargo\registry\src\github.com-1ecc6299db9ec823\hyper-0.10.13\src\server\mod.rs:346
keep_alive = true for [::1]:59103
get_buf []
read_into_buf buf[0..4096]

-->
--> C:\Users\Andrew\.cargo\registry\src\github.com-1ecc6299db9ec823\hyper-0.10.13\src\server\mod.rs:308
ioerror in keepalive loop = Error { repr: Os { code: 10060, message: "A connection attempt failed because the connected party did not properly respond after a period of time, or established connection failed because connected host has failed to respond." } }

--> C:\Users\Andrew\.cargo\registry\src\github.com-1ecc6299db9ec823\hyper-0.10.13\src\server\mod.rs:292
keep_alive loop ending for [::1]:59107
C:\Users\Andrew\.cargo\registry\src\github.com-1ecc6299db9ec823\hyper-0.10.13\src\server\mod.rs:308
ioerror in keepalive loop = Error { repr: Os { code: 10060, message: "A connection attempt failed because the connected party did not properly respond after a period of time, or established connection failed because connected host has failed to respond." } }

--> C:\Users\Andrew\.cargo\registry\src\github.com-1ecc6299db9ec823\hyper-0.10.13\src\server\mod.rs:292
keep_alive loop ending for [::1]:59106

--> C:\Users\Andrew\.cargo\registry\src\github.com-1ecc6299db9ec823\hyper-0.10.13\src\server\mod.rs:308
ioerror in keepalive loop = Error { repr: Os { code: 10060, message: "A connection attempt failed because the connected party did not properly respond after a period of time, or established connection failed because connected host has failed to respond." } }

--> C:\Users\Andrew\.cargo\registry\src\github.com-1ecc6299db9ec823\hyper-0.10.13\src\server\mod.rs:292
keep_alive loop ending for [::1]:59103
